Looking for git in: git
Using git 2.30.0 from git
> git rev-parse --git-dir
Open repository: /home/krish/Documents/krishk/krishk
> git status -z -u
> git symbolic-ref --short HEAD
> git rev-parse main
> git rev-parse --symbolic-full-name main@{u}
> git rev-list --left-right main...refs/remotes/origin/main
> git for-each-ref --sort -committerdate --format %(refname) %(objectname) %(*objectname)
> git remote --verbose
Warning: Failed to watch ref '/home/krish/Documents/krishk/krishk/.git/refs/remotes/origin/main', is most likely packed.
> git config --get commit.template
> git check-ignore -v -z --stdin
> git check-ignore -v -z --stdin
> git check-ignore -v -z --stdin
> git show --textconv :index.html
> git ls-files --stage -- /home/krish/Documents/krishk/krishk/index.html
> git cat-file -s 366dc8b2588af35437296d515174e7011b45cdb4
> git show --textconv :README.md
> git ls-files --stage -- /home/krish/Documents/krishk/krishk/README.md
> git cat-file -s 24f6316dab023bac73777ecfa0c9df783811d475
> git show --textconv :index.html
> git ls-files --stage -- /home/krish/Documents/krishk/krishk/index.html
> git cat-file -s 366dc8b2588af35437296d515174e7011b45cdb4
> git show --textconv :index.html
> git ls-files --stage -- /home/krish/Documents/krishk/krishk/index.html
> git cat-file -s 366dc8b2588af35437296d515174e7011b45cdb4
> git show --textconv :index.html
> git ls-files --stage -- /home/krish/Documents/krishk/krishk/index.html
> git cat-file -s 366dc8b2588af35437296d515174e7011b45cdb4
> git show --textconv :index.html
> git ls-files --stage -- /home/krish/Documents/krishk/krishk/index.html
> git cat-file -s 366dc8b2588af35437296d515174e7011b45cdb4
